<?xml version="1.0" encoding="UTF-8"?>
<!-- Generated by org.testng.reporters.JUnitXMLReporter -->
<testsuite hostname="MYPC" ignored="0" name="Default test" tests="9" failures="0" timestamp="13 Jul 2021 03:47:40 GMT" time="53.92" errors="0">
  <testcase name="tc1nLogin" time="5.453" classname="saucelab.Login"/>
  <testcase name="tc1nLogin" time="0.354" classname="saucelab.Login"/>
  <testcase name="tc1nLogin" time="0.512" classname="saucelab.Login"/>
  <testcase name="tc1nLogin" time="0.321" classname="saucelab.Login"/>
  <testcase name="tc1nLogin" time="0.317" classname="saucelab.Login"/>
  <testcase name="tc2pLogin" time="2.236" classname="saucelab.Login"/>
  <testcase name="tc2pLogin" time="0.33" classname="saucelab.Login"/>
  <testcase name="tc2pLogin" time="0.454" classname="saucelab.Login"/>
  <testcase name="tc2pLogin" time="6.092" classname="saucelab.Login"/>
</testsuite> <!-- Default test -->
