<?xml version="1.0" encoding="UTF-8"?>
<!-- Generated by org.testng.reporters.JUnitXMLReporter -->
<testsuite hostname="MYPC" ignored="0" name="Test1" tests="9" failures="0" timestamp="13 Jul 2021 04:11:38 GMT" time="34.266" errors="0">
  <testcase name="tc1nLogin" time="4.719" classname="saucelab.Login"/>
  <testcase name="tc1nLogin" time="0.435" classname="saucelab.Login"/>
  <testcase name="tc1nLogin" time="0.377" classname="saucelab.Login"/>
  <testcase name="tc1nLogin" time="0.308" classname="saucelab.Login"/>
  <testcase name="tc1nLogin" time="0.358" classname="saucelab.Login"/>
  <testcase name="tc2pLogin" time="2.079" classname="saucelab.Login"/>
  <testcase name="tc2pLogin" time="0.494" classname="saucelab.Login"/>
  <testcase name="tc2pLogin" time="0.373" classname="saucelab.Login"/>
  <testcase name="tc2pLogin" time="5.526" classname="saucelab.Login"/>
</testsuite> <!-- Test1 -->
