<?xml version="1.0" encoding="UTF-8"?>
<!-- Generated by org.testng.reporters.JUnitXMLReporter -->
<testsuite hostname="MYPC" ignored="0" name="Test2" tests="6" failures="0" timestamp="13 Jul 2021 04:12:02 GMT" time="21.559" errors="0">
  <testcase name="tc3VerifyProductlist" time="0.234" classname="saucelab.ProductCart"/>
  <testcase name="tc4VerifyProductDetails" time="2.259" classname="saucelab.ProductCart"/>
  <testcase name="tc5VerifySortAtoZ" time="0.054" classname="saucelab.ProductCart"/>
  <testcase name="tc6VerifySortZtoA" time="0.461" classname="saucelab.ProductCart"/>
  <testcase name="tc7VerifyPriceLowtoHigh" time="0.239" classname="saucelab.ProductCart"/>
  <testcase name="tc8VerifyPriceHightoLow" time="0.21" classname="saucelab.ProductCart"/>
</testsuite> <!-- Test2 -->
